Determining if the pthread_create exist failed with the following output:
Change Dir: /home/pedro/CLionProjects/IFTWT_RG/cmake-build-debug/CMakeFiles/CMakeTmp

Run Build Command:"/usr/bin/make" "cmTC_944b1/fast"
/usr/bin/make -f CMakeFiles/cmTC_944b1.dir/build.make CMakeFiles/cmTC_944b1.dir/build
make[1]: Entering directory '/home/pedro/CLionProjects/IFTWT_RG/cmake-build-debug/CMakeFiles/CMakeTmp'
Building C object CMakeFiles/cmTC_944b1.dir/CheckSymbolExists.c.o
/usr/bin/cc    -o CMakeFiles/cmTC_944b1.dir/CheckSymbolExists.c.o   -c /home/pedro/CLionProjects/IFTWT_RG/cmake-build-debug/CMakeFiles/CMakeTmp/CheckSymbolExists.c
Linking C executable cmTC_944b1
/opt/clion-2018.2.6/bin/cmake/linux/bin/cmake -E cmake_link_script CMakeFiles/cmTC_944b1.dir/link.txt --verbose=1
/usr/bin/cc      CMakeFiles/cmTC_944b1.dir/CheckSymbolExists.c.o  -o cmTC_944b1 
CMakeFiles/cmTC_944b1.dir/CheckSymbolExists.c.o: Na função "main":
CheckSymbolExists.c:(.text+0x1b): referência não definida para "pthread_create"
collect2: error: ld returned 1 exit status
CMakeFiles/cmTC_944b1.dir/build.make:86: recipe for target 'cmTC_944b1' failed
make[1]: *** [cmTC_944b1] Error 1
make[1]: Leaving directory '/home/pedro/CLionProjects/IFTWT_RG/cmake-build-debug/CMakeFiles/CMakeTmp'
Makefile:121: recipe for target 'cmTC_944b1/fast' failed
make: *** [cmTC_944b1/fast] Error 2

File /home/pedro/CLionProjects/IFTWT_RG/cmake-build-debug/CMakeFiles/CMakeTmp/CheckSymbolExists.c:
/* */
#include <pthread.h>

int main(int argc, char** argv)
{
  (void)argv;
#ifndef pthread_create
  return ((int*)(&pthread_create))[argc];
#else
  (void)argc;
  return 0;
#endif
}

Determining if the function pthread_create exists in the pthreads failed with the following output:
Change Dir: /home/pedro/CLionProjects/IFTWT_RG/cmake-build-debug/CMakeFiles/CMakeTmp

Run Build Command:"/usr/bin/make" "cmTC_83651/fast"
/usr/bin/make -f CMakeFiles/cmTC_83651.dir/build.make CMakeFiles/cmTC_83651.dir/build
make[1]: Entering directory '/home/pedro/CLionProjects/IFTWT_RG/cmake-build-debug/CMakeFiles/CMakeTmp'
Building C object CMakeFiles/cmTC_83651.dir/CheckFunctionExists.c.o
/usr/bin/cc   -DCHECK_FUNCTION_EXISTS=pthread_create   -o CMakeFiles/cmTC_83651.dir/CheckFunctionExists.c.o   -c /opt/clion-2018.2.6/bin/cmake/linux/share/cmake-3.12/Modules/CheckFunctionExists.c
Linking C executable cmTC_83651
/opt/clion-2018.2.6/bin/cmake/linux/bin/cmake -E cmake_link_script CMakeFiles/cmTC_83651.dir/link.txt --verbose=1
/usr/bin/cc  -DCHECK_FUNCTION_EXISTS=pthread_create    CMakeFiles/cmTC_83651.dir/CheckFunctionExists.c.o  -o cmTC_83651 -lpthreads 
/usr/bin/ld: não foi possível localizar -lpthreads
collect2: error: ld returned 1 exit status
CMakeFiles/cmTC_83651.dir/build.make:86: recipe for target 'cmTC_83651' failed
make[1]: *** [cmTC_83651] Error 1
make[1]: Leaving directory '/home/pedro/CLionProjects/IFTWT_RG/cmake-build-debug/CMakeFiles/CMakeTmp'
Makefile:121: recipe for target 'cmTC_83651/fast' failed
make: *** [cmTC_83651/fast] Error 2


