Determining if the pthread_create exist failed with the following output:
Change Dir: /home/pedro/ClionProjects/IFTWT_RG/build/CMakeFiles/CMakeTmp

Run Build Command:"/usr/bin/make" "cmTC_ff4b0/fast"
/usr/bin/make -f CMakeFiles/cmTC_ff4b0.dir/build.make CMakeFiles/cmTC_ff4b0.dir/build
make[1]: Entering directory '/home/pedro/ClionProjects/IFTWT_RG/build/CMakeFiles/CMakeTmp'
Building C object CMakeFiles/cmTC_ff4b0.dir/CheckSymbolExists.c.o
/usr/bin/cc    -o CMakeFiles/cmTC_ff4b0.dir/CheckSymbolExists.c.o   -c /home/pedro/ClionProjects/IFTWT_RG/build/CMakeFiles/CMakeTmp/CheckSymbolExists.c
Linking C executable cmTC_ff4b0
/usr/bin/cmake -E cmake_link_script CMakeFiles/cmTC_ff4b0.dir/link.txt --verbose=1
/usr/bin/cc      CMakeFiles/cmTC_ff4b0.dir/CheckSymbolExists.c.o  -o cmTC_ff4b0 
CMakeFiles/cmTC_ff4b0.dir/CheckSymbolExists.c.o: In function `main':
CheckSymbolExists.c:(.text+0x1b): undefined reference to `pthread_create'
collect2: error: ld returned 1 exit status
CMakeFiles/cmTC_ff4b0.dir/build.make:97: recipe for target 'cmTC_ff4b0' failed
make[1]: *** [cmTC_ff4b0] Error 1
make[1]: Leaving directory '/home/pedro/ClionProjects/IFTWT_RG/build/CMakeFiles/CMakeTmp'
Makefile:126: recipe for target 'cmTC_ff4b0/fast' failed
make: *** [cmTC_ff4b0/fast] Error 2

File /home/pedro/ClionProjects/IFTWT_RG/build/CMakeFiles/CMakeTmp/CheckSymbolExists.c:
/* */
#include <pthread.h>

int main(int argc, char** argv)
{
  (void)argv;
#ifndef pthread_create
  return ((int*)(&pthread_create))[argc];
#else
  (void)argc;
  return 0;
#endif
}

Determining if the function pthread_create exists in the pthreads failed with the following output:
Change Dir: /home/pedro/ClionProjects/IFTWT_RG/build/CMakeFiles/CMakeTmp

Run Build Command:"/usr/bin/make" "cmTC_c6e5d/fast"
/usr/bin/make -f CMakeFiles/cmTC_c6e5d.dir/build.make CMakeFiles/cmTC_c6e5d.dir/build
make[1]: Entering directory '/home/pedro/ClionProjects/IFTWT_RG/build/CMakeFiles/CMakeTmp'
Building C object CMakeFiles/cmTC_c6e5d.dir/CheckFunctionExists.c.o
/usr/bin/cc   -DCHECK_FUNCTION_EXISTS=pthread_create   -o CMakeFiles/cmTC_c6e5d.dir/CheckFunctionExists.c.o   -c /usr/share/cmake-3.10/Modules/CheckFunctionExists.c
Linking C executable cmTC_c6e5d
/usr/bin/cmake -E cmake_link_script CMakeFiles/cmTC_c6e5d.dir/link.txt --verbose=1
/usr/bin/cc  -DCHECK_FUNCTION_EXISTS=pthread_create    CMakeFiles/cmTC_c6e5d.dir/CheckFunctionExists.c.o  -o cmTC_c6e5d -lpthreads 
/usr/bin/ld: cannot find -lpthreads
collect2: error: ld returned 1 exit status
CMakeFiles/cmTC_c6e5d.dir/build.make:97: recipe for target 'cmTC_c6e5d' failed
make[1]: *** [cmTC_c6e5d] Error 1
make[1]: Leaving directory '/home/pedro/ClionProjects/IFTWT_RG/build/CMakeFiles/CMakeTmp'
Makefile:126: recipe for target 'cmTC_c6e5d/fast' failed
make: *** [cmTC_c6e5d/fast] Error 2


